#
# A fatal error has been detected by the Java Runtime Environment:
#
#  SIGSEGV (0xb) at pc=0xb48c84ff, pid=9047, tid=3077876592
#
# JRE version: 6.0_20-b20
# Java VM: OpenJDK Server VM (19.0-b09 mixed mode linux-x86 )
# Derivative: IcedTea6 1.9.2
# Distribution: Ubuntu 10.04.1 LTS, package 6b20-1.9.2-0ubuntu1~10.04.1
# Problematic frame:
# J  com.android.dx.cf.code.Ropper.processBlock(Lcom/android/dx/cf/code/ByteBlock;Lcom/android/dx/cf/code/Frame;[I)V
#
# If you would like to submit a bug report, please include
# instructions how to reproduce the bug and visit:
#   https://bugs.launchpad.net/ubuntu/+source/openjdk-6/
#

---------------  T H R E A D  ---------------

Current thread (0x0972b000):  JavaThread "main" [_thread_in_Java, id=9058, stack(0xb76fa000,0xb774b000)]

siginfo:si_signo=SIGSEGV: si_errno=0, si_code=128 (), si_addr=0x00000000

Registers:
EAX=0x99a04910, EBX=0x99a048f8, ECX=0x999ff0f0, EDX=0x00000001
ESP=0xb7749bb0, EBP=0x00000007, ESI=0xb48c8504, EDI=0x00000000
EIP=0xb48c84ff, CR2=0x00000004, EFLAGS=0x00010286

Register to memory mapping:

EAX=0x99a04910

[error occurred during error reporting (printing registers, top of stack, instructions near pc), id 0xe0000000]

Stack: [0xb76fa000,0xb774b000],  sp=0xb7749bb0,  free space=318k
Native frames: (J=compiled Java code, j=interpreted, Vv=VM code, C=native code)
J  com.android.dx.cf.code.Ropper.processBlock(Lcom/android/dx/cf/code/ByteBlock;Lcom/android/dx/cf/code/Frame;[I)V


---------------  P R O C E S S  ---------------

Java Threads: ( => current thread )
  0x097f2000 JavaThread "Low Memory Detector" daemon [_thread_blocked, id=9069, stack(0x4b8af000,0x4b900000)]
  0x097f0000 JavaThread "CompilerThread1" daemon [_thread_blocked, id=9068, stack(0x4ba2f000,0x4bab0000)]
  0x097ed800 JavaThread "CompilerThread0" daemon [_thread_in_native, id=9067, stack(0x4bab0000,0x4bb31000)]
  0x097ebc00 JavaThread "Signal Dispatcher" daemon [_thread_blocked, id=9066, stack(0x4bb31000,0x4bb82000)]
  0x097dc000 JavaThread "Finalizer" daemon [_thread_blocked, id=9065, stack(0x4bbc1000,0x4bc12000)]
  0x097d7400 JavaThread "Reference Handler" daemon [_thread_blocked, id=9064, stack(0x4bc12000,0x4bc63000)]
=>0x0972b000 JavaThread "main" [_thread_in_Java, id=9058, stack(0xb76fa000,0xb774b000)]

Other Threads:
  0x097d3800 VMThread [stack: 0x4bc63000,0x4bce4000] [id=9063]
  0x097f4000 WatcherThread [stack: 0x4b82e000,0x4b8af000] [id=9070]

VM state:not at safepoint (normal execution)

VM Mutex/Monitor currently owned by a thread: None

Heap
 PSYoungGen      total 123520K, used 106153K [0x94630000, 0x9eaa0000, 0xb4630000)
  eden space 103808K, 83% used [0x94630000,0x99a9a7e8,0x9ab90000)
  from space 19712K, 99% used [0x9ab90000,0x9becfd90,0x9bed0000)
  to   space 23872K, 0% used [0x9d350000,0x9d350000,0x9eaa0000)
 PSOldGen        total 97664K, used 63716K [0x54630000, 0x5a590000, 0x94630000)
  object space 97664K, 65% used [0x54630000,0x58469368,0x5a590000)
 PSPermGen       total 16384K, used 5454K [0x4c630000, 0x4d630000, 0x54630000)
  object space 16384K, 33% used [0x4c630000,0x4cb83928,0x4d630000)

Dynamic libraries:
00110000-00134000 r-xp 00000000 08:06 11403453   /lib/tls/i686/cmov/libm-2.11.1.so
00134000-00135000 r--p 00023000 08:06 11403453   /lib/tls/i686/cmov/libm-2.11.1.so
00135000-00136000 rw-p 00024000 08:06 11403453   /lib/tls/i686/cmov/libm-2.11.1.so
00136000-0013d000 r-xp 00000000 08:06 11403518   /lib/tls/i686/cmov/librt-2.11.1.so
0013d000-0013e000 r--p 00006000 08:06 11403518   /lib/tls/i686/cmov/librt-2.11.1.so
0013e000-0013f000 rw-p 00007000 08:06 11403518   /lib/tls/i686/cmov/librt-2.11.1.so
0013f000-0014b000 r-xp 00000000 08:06 3673700    /usr/lib/jvm/java-6-openjdk/jre/lib/i386/libverify.so
0014b000-0014c000 r--p 0000b000 08:06 3673700    /usr/lib/jvm/java-6-openjdk/jre/lib/i386/libverify.so
0014c000-0014d000 rw-p 0000c000 08:06 3673700    /usr/lib/jvm/java-6-openjdk/jre/lib/i386/libverify.so
0014d000-00160000 r-xp 00000000 08:06 11403464   /lib/tls/i686/cmov/libnsl-2.11.1.so
00160000-00161000 r--p 00012000 08:06 11403464   /lib/tls/i686/cmov/libnsl-2.11.1.so
00161000-00162000 rw-p 00013000 08:06 11403464   /lib/tls/i686/cmov/libnsl-2.11.1.so
00162000-00164000 rw-p 00000000 00:00 0 
00164000-0016b000 r-xp 00000000 08:06 3673703    /usr/lib/jvm/java-6-openjdk/jre/lib/i386/native_threads/libhpi.so
0016b000-0016c000 r--p 00006000 08:06 3673703    /usr/lib/jvm/java-6-openjdk/jre/lib/i386/native_threads/libhpi.so
0016c000-0016d000 rw-p 00007000 08:06 3673703    /usr/lib/jvm/java-6-openjdk/jre/lib/i386/native_threads/libhpi.so
0016d000-00173000 r-xp 00000000 08:06 11403466   /lib/tls/i686/cmov/libnss_compat-2.11.1.so
00173000-00174000 r--p 00006000 08:06 11403466   /lib/tls/i686/cmov/libnss_compat-2.11.1.so
00174000-00175000 rw-p 00007000 08:06 11403466   /lib/tls/i686/cmov/libnss_compat-2.11.1.so
00175000-0017d000 r-xp 00000000 08:06 11403480   /lib/tls/i686/cmov/libnss_nis-2.11.1.so
0017d000-0017e000 r--p 00007000 08:06 11403480   /lib/tls/i686/cmov/libnss_nis-2.11.1.so
0017e000-0017f000 rw-p 00008000 08:06 11403480   /lib/tls/i686/cmov/libnss_nis-2.11.1.so
0017f000-00186000 r-xp 00000000 08:06 3673701    /usr/lib/jvm/java-6-openjdk/jre/lib/i386/libzip.so
00186000-00187000 r--p 00006000 08:06 3673701    /usr/lib/jvm/java-6-openjdk/jre/lib/i386/libzip.so
00187000-00188000 rw-p 00007000 08:06 3673701    /usr/lib/jvm/java-6-openjdk/jre/lib/i386/libzip.so
0018d000-001a8000 r-xp 00000000 08:06 11407445   /lib/ld-2.11.1.so
001a8000-001a9000 r--p 0001a000 08:06 11407445   /lib/ld-2.11.1.so
001a9000-001aa000 rw-p 0001b000 08:06 11407445   /lib/ld-2.11.1.so
00221000-00222000 r-xp 00000000 00:00 0          [vdso]
00269000-003bc000 r-xp 00000000 08:06 11403404   /lib/tls/i686/cmov/libc-2.11.1.so
003bc000-003bd000 ---p 00153000 08:06 11403404   /lib/tls/i686/cmov/libc-2.11.1.so
003bd000-003bf000 r--p 00153000 08:06 11403404   /lib/tls/i686/cmov/libc-2.11.1.so
003bf000-003c0000 rw-p 00155000 08:06 11403404   /lib/tls/i686/cmov/libc-2.11.1.so
003c0000-003c3000 rw-p 00000000 00:00 0 
0048b000-0048d000 r-xp 00000000 08:06 11403418   /lib/tls/i686/cmov/libdl-2.11.1.so
0048d000-0048e000 r--p 00001000 08:06 11403418   /lib/tls/i686/cmov/libdl-2.11.1.so
0048e000-0048f000 rw-p 00002000 08:06 11403418   /lib/tls/i686/cmov/libdl-2.11.1.so
00533000-0053d000 r-xp 00000000 08:06 11403470   /lib/tls/i686/cmov/libnss_files-2.11.1.so
0053d000-0053e000 r--p 00009000 08:06 11403470   /lib/tls/i686/cmov/libnss_files-2.11.1.so
0053e000-0053f000 rw-p 0000a000 08:06 11403470   /lib/tls/i686/cmov/libnss_files-2.11.1.so
005e1000-00605000 r-xp 00000000 08:06 3673684    /usr/lib/jvm/java-6-openjdk/jre/lib/i386/libjava.so
00605000-00606000 r--p 00023000 08:06 3673684    /usr/lib/jvm/java-6-openjdk/jre/lib/i386/libjava.so
00606000-00608000 rw-p 00024000 08:06 3673684    /usr/lib/jvm/java-6-openjdk/jre/lib/i386/libjava.so
00665000-00668000 r-xp 00000000 08:06 3673672    /usr/lib/jvm/java-6-openjdk/jre/lib/i386/jli/libjli.so
00668000-00669000 r--p 00003000 08:06 3673672    /usr/lib/jvm/java-6-openjdk/jre/lib/i386/jli/libjli.so
00669000-0066a000 rw-p 00004000 08:06 3673672    /usr/lib/jvm/java-6-openjdk/jre/lib/i386/jli/libjli.so
006a3000-006b6000 r-xp 00000000 08:06 11403553   /lib/libz.so.1.2.3.3
006b6000-006b7000 r--p 00012000 08:06 11403553   /lib/libz.so.1.2.3.3
006b7000-006b8000 rw-p 00013000 08:06 11403553   /lib/libz.so.1.2.3.3
00780000-00795000 r-xp 00000000 08:06 11403512   /lib/tls/i686/cmov/libpthread-2.11.1.so
00795000-00796000 r--p 00014000 08:06 11403512   /lib/tls/i686/cmov/libpthread-2.11.1.so
00796000-00797000 rw-p 00015000 08:06 11403512   /lib/tls/i686/cmov/libpthread-2.11.1.so
00797000-00799000 rw-p 00000000 00:00 0 
00799000-00e4b000 r-xp 00000000 08:06 3673705    /usr/lib/jvm/java-6-openjdk/jre/lib/i386/server/libjvm.so
00e4b000-00e4c000 ---p 006b2000 08:06 3673705    /usr/lib/jvm/java-6-openjdk/jre/lib/i386/server/libjvm.so
00e4c000-00e91000 r--p 006b2000 08:06 3673705    /usr/lib/jvm/java-6-openjdk/jre/lib/i386/server/libjvm.so
00e91000-00ea0000 rw-p 006f7000 08:06 3673705    /usr/lib/jvm/java-6-openjdk/jre/lib/i386/server/libjvm.so
00ea0000-012bf000 rw-p 00000000 00:00 0 
08048000-08051000 r-xp 00000000 08:06 3673733    /usr/lib/jvm/java-6-openjdk/jre/bin/java
08051000-08052000 r--p 00008000 08:06 3673733    /usr/lib/jvm/java-6-openjdk/jre/bin/java
08052000-08053000 rw-p 00009000 08:06 3673733    /usr/lib/jvm/java-6-openjdk/jre/bin/java
09724000-0b22a000 rw-p 00000000 00:00 0          [heap]
4a400000-4a4f3000 rw-p 00000000 00:00 0 
4a4f3000-4a500000 ---p 00000000 00:00 0 
4a500000-4a584000 rw-p 00000000 00:00 0 
4a584000-4a600000 ---p 00000000 00:00 0 
4a600000-4a6f0000 rw-p 00000000 00:00 0 
4a6f0000-4a700000 ---p 00000000 00:00 0 
4a700000-4a7e9000 rw-p 00000000 00:00 0 
4a7e9000-4a800000 ---p 00000000 00:00 0 
4a800000-4a8f4000 rw-p 00000000 00:00 0 
4a8f4000-4a900000 ---p 00000000 00:00 0 
4a900000-4a9f9000 rw-p 00000000 00:00 0 
4a9f9000-4aa00000 ---p 00000000 00:00 0 
4aa00000-4aafa000 rw-p 00000000 00:00 0 
4aafa000-4ab00000 ---p 00000000 00:00 0 
4ab00000-4abf6000 rw-p 00000000 00:00 0 
4abf6000-4ac00000 ---p 00000000 00:00 0 
4ac00000-4acf3000 rw-p 00000000 00:00 0 
4acf3000-4ad00000 ---p 00000000 00:00 0 
4ad00000-4ade1000 rw-p 00000000 00:00 0 
4ade1000-4ae00000 ---p 00000000 00:00 0 
4ae00000-4affe000 rw-p 00000000 00:00 0 
4affe000-4b000000 ---p 00000000 00:00 0 
4b000000-4b0f8000 rw-p 00000000 00:00 0 
4b0f8000-4b100000 ---p 00000000 00:00 0 
4b100000-4b1fd000 rw-p 00000000 00:00 0 
4b1fd000-4b200000 ---p 00000000 00:00 0 
4b200000-4b2fb000 rw-p 00000000 00:00 0 
4b2fb000-4b300000 ---p 00000000 00:00 0 
4b300000-4b3f7000 rw-p 00000000 00:00 0 
4b3f7000-4b400000 ---p 00000000 00:00 0 
4b500000-4b5fc000 rw-p 00000000 00:00 0 
4b5fc000-4b600000 ---p 00000000 00:00 0 
4b600000-4b6fe000 rw-p 00000000 00:00 0 
4b6fe000-4b700000 ---p 00000000 00:00 0 
4b700000-4b7e6000 rw-p 00000000 00:00 0 
4b7e6000-4b800000 ---p 00000000 00:00 0 
4b82e000-4b82f000 ---p 00000000 00:00 0 
4b82f000-4b8af000 rw-p 00000000 00:00 0 
4b8af000-4b8b2000 ---p 00000000 00:00 0 
4b8b2000-4b900000 rw-p 00000000 00:00 0 
4b900000-4b9ff000 rw-p 00000000 00:00 0 
4b9ff000-4ba00000 ---p 00000000 00:00 0 
4ba15000-4ba19000 r--s 0007c000 08:06 3673184    /usr/lib/jvm/java-6-openjdk/jre/lib/jsse.jar
4ba19000-4ba24000 r--s 000ab000 08:07 8391250    /home/magesh/android-sdk-linux_86/platforms/android-4/tools/lib/dx.jar
4ba24000-4ba2f000 r--s 000ab000 08:07 8391250    /home/magesh/android-sdk-linux_86/platforms/android-4/tools/lib/dx.jar
4ba2f000-4ba32000 ---p 00000000 00:00 0 
4ba32000-4bab0000 rw-p 00000000 00:00 0 
4bab0000-4bab3000 ---p 00000000 00:00 0 
4bab3000-4bb31000 rw-p 00000000 00:00 0 
4bb31000-4bb34000 ---p 00000000 00:00 0 
4bb34000-4bb82000 rw-p 00000000 00:00 0 
4bb82000-4bbc1000 r--p 00000000 08:06 2760566    /usr/lib/locale/en_IN/LC_CTYPE
4bbc1000-4bbc4000 ---p 00000000 00:00 0 
4bbc4000-4bc12000 rw-p 00000000 00:00 0 
4bc12000-4bc15000 ---p 00000000 00:00 0 
4bc15000-4bc63000 rw-p 00000000 00:00 0 
4bc63000-4bc64000 ---p 00000000 00:00 0 
4bc64000-4bce4000 rw-p 00000000 00:00 0 
4bce4000-4bce6000 r--s 0001d000 08:06 3673189    /usr/lib/jvm/java-6-openjdk/jre/lib/plugin.jar
4bce6000-4bceb000 r--s 00044000 08:06 3673188    /usr/lib/jvm/java-6-openjdk/jre/lib/netx.jar
4bceb000-4bd1d000 rw-p 00000000 00:00 0 
4bd1d000-4beab000 r--s 038af000 08:06 3673664    /usr/lib/jvm/java-6-openjdk/jre/lib/rt.jar
4beab000-4beac000 ---p 00000000 00:00 0 
4beac000-4bf2c000 rw-p 00000000 00:00 0 
4bf2c000-4bf2d000 ---p 00000000 00:00 0 
4bf2d000-4bfad000 rw-p 00000000 00:00 0 
4bfad000-4bfae000 ---p 00000000 00:00 0 
4bfae000-4c02e000 rw-p 00000000 00:00 0 
4c02e000-4c02f000 ---p 00000000 00:00 0 
4c02f000-4c0b7000 rw-p 00000000 00:00 0 
4c0b7000-4c0ef000 rw-p 00000000 00:00 0 
4c0ef000-4c11f000 rw-p 00000000 00:00 0 
4c11f000-4c2ef000 rw-p 00000000 00:00 0 
4c2ef000-4c2f7000 rw-p 00000000 00:00 0 
4c2f7000-4c32f000 rw-p 00000000 00:00 0 
4c32f000-4c35f000 rw-p 00000000 00:00 0 
4c35f000-4c52f000 rw-p 00000000 00:00 0 
4c52f000-4c582000 rw-p 00000000 00:00 0 
4c582000-4c62f000 rw-p 00000000 00:00 0 
4c62f000-4d630000 rw-p 00000000 00:00 0 
4d630000-54630000 rw-p 00000000 00:00 0 
54630000-5a590000 rw-p 00000000 00:00 0 
5a590000-94630000 rw-p 00000000 00:00 0 
94630000-9eaa0000 rw-p 00000000 00:00 0 
9eaa0000-b4630000 rw-p 00000000 00:00 0 
b4631000-b463a000 r--s 00065000 08:06 2888182    /usr/share/java/gnome-java-bridge.jar
b463a000-b4644000 rw-p 00000000 00:00 0 
b4644000-b46fa000 rw-p 00000000 00:00 0 
b46fa000-b495a000 rwxp 00000000 00:00 0 
b495a000-b76fa000 rw-p 00000000 00:00 0 
b76fa000-b76fd000 ---p 00000000 00:00 0 
b76fd000-b774e000 rw-p 00000000 00:00 0          [threadstack:0004d494]
b774e000-b7753000 r--s 0002f000 08:07 8129866    /home/magesh/.titanium/mobilesdk/linux/1.5.0/android/jaxen-1.1.1.jar
b7753000-b7756000 r--s 0000f000 08:06 3673170    /usr/lib/jvm/java-6-openjdk/jre/lib/ext/pulse-java.jar
b7756000-b775e000 rw-s 00000000 08:06 11403955   /tmp/hsperfdata_magesh/9047
b775e000-b775f000 rw-p 00000000 00:00 0 
b775f000-b7760000 r--p 00000000 00:00 0 
b7760000-b7762000 rw-p 00000000 00:00 0 
bf91f000-bf956000 rw-p 00000000 00:00 0          [stack]

VM Arguments:
jvm_args: -Xmx1536M -XX:-UseGCOverheadLimit 
java_command: /opt/android-sdk/platforms/android-4/tools/lib/dx.jar --dex --output=/home/magesh/sandbox/mobile_apps/my_basic_app/build/android/bin/classes.dex /home/magesh/sandbox/mobile_apps/my_basic_app/build/android/bin/classes /home/magesh/.titanium/mobilesdk/linux/1.5.0/android/modules/titanium-filesystem.jar /home/magesh/.titanium/mobilesdk/linux/1.5.0/android/modules/titanium-android.jar /home/magesh/.titanium/mobilesdk/linux/1.5.0/android/modules/titanium-network.jar /home/magesh/.titanium/mobilesdk/linux/1.5.0/android/modules/titanium-media.jar /home/magesh/.titanium/mobilesdk/linux/1.5.0/android/modules/titanium-xml.jar /home/magesh/.titanium/mobilesdk/linux/1.5.0/android/modules/titanium-api.jar /home/magesh/.titanium/mobilesdk/linux/1.5.0/android/titanium.jar /home/magesh/.titanium/mobilesdk/linux/1.5.0/android/modules/titanium-json.jar /home/magesh/.titanium/mobilesdk/linux/1.5.0/android/modules/titanium-app.jar /home/magesh/.titanium/mobilesdk/linux/1.5.0/android/jaxen-1.1.1.jar /home/magesh/.titanium/mobilesdk/linux/1.5.0/android/smalljs.jar /home/magesh/.titanium/mobilesdk/linux/1.5.0/android/modules/titanium-analytics.jar /home/magesh/.titanium/mobilesdk/linux/1.5.0/android/modules/titanium-locale.jar /home/magesh/.titanium/mobilesdk/linux/1.5.0/android/ti-commons-codec-1.3.jar /home/magesh/.titanium/mobilesdk/linux/1.5.0/android/modules/titanium-ui.jar /home/magesh/.titanium/mobilesdk/linux/1.5.0/android/lib/titanium-verify.jar
Launcher Type: SUN_STANDARD

Environment Variables:
JAVA_HOME=/usr/lib/jvm/java-6-sun-1.6.0.20/
PATH=/opt/android-sdk/platform-tools:/opt/android-sdk/platforms/android-4/tools:/opt/android-sdk/tools:/usr/local/sbin:/usr/local/bin:/usr/sbin:/usr/bin:/sbin:/bin:/usr/games:/usr/lib/jvm/java-6-sun-1.6.0.20//bin
USERNAME=magesh
LD_LIBRARY_PATH=/usr/lib/jvm/java-6-openjdk/jre/lib/i386/server:/usr/lib/jvm/java-6-openjdk/jre/lib/i386:/usr/lib/jvm/java-6-openjdk/jre/../lib/i386:
SHELL=/bin/bash
DISPLAY=:0.0

Signal Handlers:
SIGSEGV: [libjvm.so+0x637530], sa_mask[0]=0x7ffbfeff, sa_flags=0x10000004
SIGBUS: [libjvm.so+0x637530], sa_mask[0]=0x7ffbfeff, sa_flags=0x10000004
SIGFPE: [libjvm.so+0x50e640], sa_mask[0]=0x7ffbfeff, sa_flags=0x10000004
SIGPIPE: [libjvm.so+0x50e640], sa_mask[0]=0x7ffbfeff, sa_flags=0x10000004
SIGXFSZ: [libjvm.so+0x50e640], sa_mask[0]=0x7ffbfeff, sa_flags=0x10000004
SIGILL: [libjvm.so+0x50e640], sa_mask[0]=0x7ffbfeff, sa_flags=0x10000004
SIGUSR1: SIG_DFL, sa_mask[0]=0x00000000, sa_flags=0x00000000
SIGUSR2: [libjvm.so+0x50dcf0], sa_mask[0]=0x00001000, sa_flags=0x10000004
SIGHUP: [libjvm.so+0x510860], sa_mask[0]=0x7ffbfeff, sa_flags=0x10000004
SIGINT: [libjvm.so+0x510860], sa_mask[0]=0x7ffbfeff, sa_flags=0x10000004
SIGTERM: [libjvm.so+0x510860], sa_mask[0]=0x7ffbfeff, sa_flags=0x10000004
SIGQUIT: [libjvm.so+0x510860], sa_mask[0]=0x7ffbfeff, sa_flags=0x10000004


---------------  S Y S T E M  ---------------

OS:Ubuntu 10.04 (lucid)
uname:Linux 2.6.32-21-generic #32-Ubuntu SMP Fri Apr 16 08:10:02 UTC 2010 i686
libc:glibc 2.11.1 NPTL 2.11.1 
rlimit: STACK 8192k, CORE 0k, NPROC infinity, NOFILE 1024, AS infinity
load average:1.22 1.18 1.18

/proc/meminfo:
MemTotal:        1921568 kB
MemFree:          246256 kB
Buffers:           11408 kB
Cached:           588452 kB
SwapCached:        27988 kB
Active:           754084 kB
Inactive:         836752 kB
Active(anon):     552132 kB
Inactive(anon):   605524 kB
Active(file):     201952 kB
Inactive(file):   231228 kB
Unevictable:           0 kB
Mlocked:               0 kB
HighTotal:       1046244 kB
HighFree:           1488 kB
LowTotal:         875324 kB
LowFree:          244768 kB
SwapTotal:       3417080 kB
SwapFree:        3268976 kB
Dirty:               324 kB
Writeback:             0 kB
AnonPages:        970564 kB
Mapped:            97036 kB
Shmem:            166680 kB
Slab:              33676 kB
SReclaimable:      15440 kB
SUnreclaim:        18236 kB
KernelStack:        3384 kB
PageTables:        10868 kB
NFS_Unstable:          0 kB
Bounce:                0 kB
WritebackTmp:          0 kB
CommitLimit:     4377864 kB
Committed_AS:    5213680 kB
VmallocTotal:     122880 kB
VmallocUsed:       41800 kB
VmallocChunk:      44048 kB
HardwareCorrupted:     0 kB
HugePages_Total:       0
HugePages_Free:        0
HugePages_Rsvd:        0
HugePages_Surp:        0
Hugepagesize:       4096 kB
DirectMap4k:       16376 kB
DirectMap4M:      892928 kB


CPU:total 4 (2 cores per cpu, 2 threads per core) family 6 model 37 stepping 2, cmov, cx8, fxsr, mmx, sse, sse2, sse3, ssse3, sse4.1, sse4.2, popcnt, ht

Memory: 4k page, physical 1921568k(246256k free), swap 3417080k(3268976k free)

vm_info: OpenJDK Server VM (19.0-b09) for linux-x86 JRE (1.6.0_20-b20), built on Nov 25 2010 19:36:58 by "buildd" with gcc 4.4.3

time: Mon Jan 24 15:29:01 2011
elapsed time: 6 seconds

